This file contains any messages produced by compilers while
running configure, to aid debugging if configure makes a mistake.

It was created by lxdm configure 0.5.0, which was
generated by GNU Autoconf 2.69.  Invocation command line was

  $ ./configure --build=i486-linux-gnu --prefix=/usr --includedir=${prefix}/include --mandir=${prefix}/share/man --infodir=${prefix}/share/info --sysconfdir=/etc --localstatedir=/var --libexecdir=${prefix}/lib/lxdm --disable-maintainer-mode --disable-dependency-tracking LDFLAGS=-Wl,-z,defs -Wl,--as-needed --sysconfdir=/etc --libexecdir=/usr/lib/lxdm

## --------- ##
## Platform. ##
## --------- ##

hostname = debian-sempron
uname -m = i686
uname -r = 3.2.0-4-686-pae
uname -s = Linux
uname -v = #1 SMP Debian 3.2.60-1+deb7u3

/usr/bin/uname -p = unknown
/bin/uname -X     = unknown

/bin/arch              = unknown
/usr/bin/arch -k       = unknown
/usr/convex/getsysinfo = unknown
/usr/bin/hostinfo      = unknown
/bin/machine           = unknown
/usr/bin/oslevel       = unknown
/bin/universe          = unknown

PATH: /usr/sbin
PATH: /usr/bin
PATH: /sbin
PATH: /bin
PATH: /usr/bin/X11


## ----------- ##
## Core tests. ##
## ----------- ##

configure:2367: checking for a BSD-compatible install
configure:2435: result: /usr/bin/install -c
configure:2446: checking whether build environment is sane
configure:2501: result: yes
configure:2539: WARNING: 'missing' script is too old or missing
configure:2652: checking for a thread-safe mkdir -p
configure:2691: result: /bin/mkdir -p
configure:2698: checking for gawk
configure:2728: result: no
configure:2698: checking for mawk
configure:2714: found /usr/bin/mawk
configure:2725: result: mawk
configure:2736: checking whether make sets $(MAKE)
configure:2758: result: yes
configure:2787: checking whether make supports nested variables
configure:2804: result: yes
configure:2942: checking for gcc
configure:2958: found /usr/bin/gcc
configure:2969: result: gcc
configure:3198: checking for C compiler version
configure:3207: gcc --version >&5
gcc (Debian 4.7.2-5) 4.7.2
Copyright (C) 2012 Free Software Foundation, Inc.
This is free software; see the source for copying conditions.  There is NO
warranty; not even for MERCHANTABILITY or FITNESS FOR A PARTICULAR PURPOSE.

configure:3218: $? = 0
configure:3207: gcc -v >&5
Using built-in specs.
COLLECT_GCC=gcc
COLLECT_LTO_WRAPPER=/usr/lib/gcc/i486-linux-gnu/4.7/lto-wrapper
Target: i486-linux-gnu
Configured with: ../src/configure -v --with-pkgversion='Debian 4.7.2-5' --with-bugurl=file:///usr/share/doc/gcc-4.7/README.Bugs --enable-languages=c,c++,go,fortran,objc,obj-c++ --prefix=/usr --program-suffix=-4.7 --enable-shared --enable-linker-build-id --with-system-zlib --libexecdir=/usr/lib --without-included-gettext --enable-threads=posix --with-gxx-include-dir=/usr/include/c++/4.7 --libdir=/usr/lib --enable-nls --with-sysroot=/ --enable-clocale=gnu --enable-libstdcxx-debug --enable-libstdcxx-time=yes --enable-gnu-unique-object --enable-plugin --enable-objc-gc --enable-targets=all --with-arch-32=i586 --with-tune=generic --enable-checking=release --build=i486-linux-gnu --host=i486-linux-gnu --target=i486-linux-gnu
Thread model: posix
gcc version 4.7.2 (Debian 4.7.2-5) 
configure:3218: $? = 0
configure:3207: gcc -V >&5
gcc: error: unrecognized command line option '-V'
gcc: fatal error: no input files
compilation terminated.
configure:3218: $? = 4
configure:3207: gcc -qversion >&5
gcc: error: unrecognized command line option '-qversion'
gcc: fatal error: no input files
compilation terminated.
configure:3218: $? = 4
configure:3238: checking whether the C compiler works
configure:3260: gcc   -Wl,-z,defs -Wl,--as-needed conftest.c  >&5
configure:3264: $? = 0
configure:3312: result: yes
configure:3315: checking for C compiler default output file name
configure:3317: result: a.out
configure:3323: checking for suffix of executables
configure:3330: gcc -o conftest   -Wl,-z,defs -Wl,--as-needed conftest.c  >&5
configure:3334: $? = 0
configure:3356: result: 
configure:3378: checking whether we are cross compiling
configure:3386: gcc -o conftest   -Wl,-z,defs -Wl,--as-needed conftest.c  >&5
configure:3390: $? = 0
configure:3397: ./conftest
configure:3401: $? = 0
configure:3416: result: no
configure:3421: checking for suffix of object files
configure:3443: gcc -c   conftest.c >&5
configure:3447: $? = 0
configure:3468: result: o
configure:3472: checking whether we are using the GNU C compiler
configure:3491: gcc -c   conftest.c >&5
configure:3491: $? = 0
configure:3500: result: yes
configure:3509: checking whether gcc accepts -g
configure:3529: gcc -c -g  conftest.c >&5
configure:3529: $? = 0
configure:3570: result: yes
configure:3587: checking for gcc option to accept ISO C89
configure:3650: gcc  -c -g -O2  conftest.c >&5
configure:3650: $? = 0
configure:3663: result: none needed
configure:3694: checking for style of include used by make
configure:3722: result: GNU
configure:3748: checking dependency style of gcc
configure:3859: result: none
configure:3876: checking whether gcc and cc understand -c and -o together
configure:3907: gcc -c conftest.c -o conftest2.o >&5
configure:3911: $? = 0
configure:3917: gcc -c conftest.c -o conftest2.o >&5
configure:3921: $? = 0
configure:3932: cc -c conftest.c >&5
configure:3936: $? = 0
configure:3944: cc -c conftest.c -o conftest2.o >&5
configure:3948: $? = 0
configure:3954: cc -c conftest.c -o conftest2.o >&5
configure:3958: $? = 0
configure:3976: result: yes
configure:4004: checking for crypt in -lcrypt
configure:4029: gcc -o conftest -g -O2  -Wl,-z,defs -Wl,--as-needed conftest.c -lcrypt   >&5
configure:4029: $? = 0
configure:4038: result: yes
configure:4060: checking for library containing pam_open_session
configure:4091: gcc -o conftest -g -O2  -Wl,-z,defs -Wl,--as-needed conftest.c -lcrypt  >&5
/tmp/ccKnPP8J.o: In function `main':
/home/carlo/Documenti/paperino2/lxdm-0.5.0/conftest.c:23: undefined reference to `pam_open_session'
collect2: error: ld returned 1 exit status
configure:4091: $? = 1
configure: failed program was:
| /* confdefs.h */
| #define PACKAGE_NAME "lxdm"
| #define PACKAGE_TARNAME "lxdm"
| #define PACKAGE_VERSION "0.5.0"
| #define PACKAGE_STRING "lxdm 0.5.0"
| #define PACKAGE_BUGREPORT "http://lxde.org/"
| #define PACKAGE_URL ""
| #define PACKAGE "lxdm"
| #define VERSION "0.5.0"
| #define HAVE_LIBCRYPT 1
| /* end confdefs.h.  */
| 
| /* Override any GCC internal prototype to avoid an error.
|    Use char because int might match the return type of a GCC
|    builtin and then its argument prototype would still apply.  */
| #ifdef __cplusplus
| extern "C"
| #endif
| char pam_open_session ();
| int
| main ()
| {
| return pam_open_session ();
|   ;
|   return 0;
| }
configure:4091: gcc -o conftest -g -O2  -Wl,-z,defs -Wl,--as-needed conftest.c -lpam  -lcrypt  >&5
configure:4091: $? = 0
configure:4108: result: -lpam
configure:4116: checking for pam_open_session
configure:4116: gcc -o conftest -g -O2  -Wl,-z,defs -Wl,--as-needed conftest.c -lpam -lcrypt  >&5
configure:4116: $? = 0
configure:4116: result: yes
configure:4144: checking how to run the C preprocessor
configure:4175: gcc -E  conftest.c
configure:4175: $? = 0
configure:4189: gcc -E  conftest.c
conftest.c:13:28: fatal error: ac_nonexistent.h: No such file or directory
compilation terminated.
configure:4189: $? = 1
configure: failed program was:
| /* confdefs.h */
| #define PACKAGE_NAME "lxdm"
| #define PACKAGE_TARNAME "lxdm"
| #define PACKAGE_VERSION "0.5.0"
| #define PACKAGE_STRING "lxdm 0.5.0"
| #define PACKAGE_BUGREPORT "http://lxde.org/"
| #define PACKAGE_URL ""
| #define PACKAGE "lxdm"
| #define VERSION "0.5.0"
| #define HAVE_LIBCRYPT 1
| #define USE_PAM 1
| /* end confdefs.h.  */
| #include <ac_nonexistent.h>
configure:4214: result: gcc -E
configure:4234: gcc -E  conftest.c
configure:4234: $? = 0
configure:4248: gcc -E  conftest.c
conftest.c:13:28: fatal error: ac_nonexistent.h: No such file or directory
compilation terminated.
configure:4248: $? = 1
configure: failed program was:
| /* confdefs.h */
| #define PACKAGE_NAME "lxdm"
| #define PACKAGE_TARNAME "lxdm"
| #define PACKAGE_VERSION "0.5.0"
| #define PACKAGE_STRING "lxdm 0.5.0"
| #define PACKAGE_BUGREPORT "http://lxde.org/"
| #define PACKAGE_URL ""
| #define PACKAGE "lxdm"
| #define VERSION "0.5.0"
| #define HAVE_LIBCRYPT 1
| #define USE_PAM 1
| /* end confdefs.h.  */
| #include <ac_nonexistent.h>
configure:4277: checking for X
configure:4416: gcc -o conftest -g -O2  -Wl,-z,defs -Wl,--as-needed conftest.c -lX11 -lpam -lcrypt  >&5
configure:4416: $? = 0
configure:4466: result: libraries , headers 
configure:4470: checking for grep that handles long lines and -e
configure:4528: result: /bin/grep
configure:4533: checking for egrep
configure:4595: result: /bin/grep -E
configure:4600: checking for ANSI C header files
configure:4620: gcc -c -g -O2  conftest.c >&5
configure:4620: $? = 0
configure:4693: gcc -o conftest -g -O2  -Wl,-z,defs -Wl,--as-needed conftest.c -lpam -lcrypt  >&5
configure:4693: $? = 0
configure:4693: ./conftest
configure:4693: $? = 0
configure:4704: result: yes
configure:4717: checking for sys/types.h
configure:4717: gcc -c -g -O2  conftest.c >&5
configure:4717: $? = 0
configure:4717: result: yes
configure:4717: checking for sys/stat.h
configure:4717: gcc -c -g -O2  conftest.c >&5
configure:4717: $? = 0
configure:4717: result: yes
configure:4717: checking for stdlib.h
configure:4717: gcc -c -g -O2  conftest.c >&5
configure:4717: $? = 0
configure:4717: result: yes
configure:4717: checking for string.h
configure:4717: gcc -c -g -O2  conftest.c >&5
configure:4717: $? = 0
configure:4717: result: yes
configure:4717: checking for memory.h
configure:4717: gcc -c -g -O2  conftest.c >&5
configure:4717: $? = 0
configure:4717: result: yes
configure:4717: checking for strings.h
configure:4717: gcc -c -g -O2  conftest.c >&5
configure:4717: $? = 0
configure:4717: result: yes
configure:4717: checking for inttypes.h
configure:4717: gcc -c -g -O2  conftest.c >&5
configure:4717: $? = 0
configure:4717: result: yes
configure:4717: checking for stdint.h
configure:4717: gcc -c -g -O2  conftest.c >&5
configure:4717: $? = 0
configure:4717: result: yes
configure:4717: checking for unistd.h
configure:4717: gcc -c -g -O2  conftest.c >&5
configure:4717: $? = 0
configure:4717: result: yes
configure:4732: checking shadow.h usability
configure:4732: gcc -c -g -O2  conftest.c >&5
configure:4732: $? = 0
configure:4732: result: yes
configure:4732: checking shadow.h presence
configure:4732: gcc -E  conftest.c
configure:4732: $? = 0
configure:4732: result: yes
configure:4732: checking for shadow.h
configure:4732: result: yes
configure:4732: checking for stdlib.h
configure:4732: result: yes
configure:4732: checking for string.h
configure:4732: result: yes
configure:4732: checking for unistd.h
configure:4732: result: yes
configure:4732: checking utmpx.h usability
configure:4732: gcc -c -g -O2  conftest.c >&5
configure:4732: $? = 0
configure:4732: result: yes
configure:4732: checking utmpx.h presence
configure:4732: gcc -E  conftest.c
configure:4732: $? = 0
configure:4732: result: yes
configure:4732: checking for utmpx.h
configure:4732: result: yes
configure:4744: checking for pid_t
configure:4744: gcc -c -g -O2  conftest.c >&5
configure:4744: $? = 0
configure:4744: gcc -c -g -O2  conftest.c >&5
conftest.c: In function 'main':
conftest.c:64:20: error: expected expression before ')' token
configure:4744: $? = 1
configure: failed program was:
| /* confdefs.h */
| #define PACKAGE_NAME "lxdm"
| #define PACKAGE_TARNAME "lxdm"
| #define PACKAGE_VERSION "0.5.0"
| #define PACKAGE_STRING "lxdm 0.5.0"
| #define PACKAGE_BUGREPORT "http://lxde.org/"
| #define PACKAGE_URL ""
| #define PACKAGE "lxdm"
| #define VERSION "0.5.0"
| #define HAVE_LIBCRYPT 1
| #define USE_PAM 1
| #define STDC_HEADERS 1
| #define HAVE_SYS_TYPES_H 1
| #define HAVE_SYS_STAT_H 1
| #define HAVE_STDLIB_H 1
| #define HAVE_STRING_H 1
| #define HAVE_MEMORY_H 1
| #define HAVE_STRINGS_H 1
| #define HAVE_INTTYPES_H 1
| #define HAVE_STDINT_H 1
| #define HAVE_UNISTD_H 1
| #define HAVE_SHADOW_H 1
| #define HAVE_STDLIB_H 1
| #define HAVE_STRING_H 1
| #define HAVE_UNISTD_H 1
| #define HAVE_UTMPX_H 1
| /* end confdefs.h.  */
| #include <stdio.h>
| #ifdef HAVE_SYS_TYPES_H
| # include <sys/types.h>
| #endif
| #ifdef HAVE_SYS_STAT_H
| # include <sys/stat.h>
| #endif
| #ifdef STDC_HEADERS
| # include <stdlib.h>
| # include <stddef.h>
| #else
| # ifdef HAVE_STDLIB_H
| #  include <stdlib.h>
| # endif
| #endif
| #ifdef HAVE_STRING_H
| # if !defined STDC_HEADERS && defined HAVE_MEMORY_H
| #  include <memory.h>
| # endif
| # include <string.h>
| #endif
| #ifdef HAVE_STRINGS_H
| # include <strings.h>
| #endif
| #ifdef HAVE_INTTYPES_H
| # include <inttypes.h>
| #endif
| #ifdef HAVE_STDINT_H
| # include <stdint.h>
| #endif
| #ifdef HAVE_UNISTD_H
| # include <unistd.h>
| #endif
| int
| main ()
| {
| if (sizeof ((pid_t)))
| 	    return 0;
|   ;
|   return 0;
| }
configure:4744: result: yes
configure:4759: checking vfork.h usability
configure:4759: gcc -c -g -O2  conftest.c >&5
conftest.c:61:19: fatal error: vfork.h: No such file or directory
compilation terminated.
configure:4759: $? = 1
configure: failed program was:
| /* confdefs.h */
| #define PACKAGE_NAME "lxdm"
| #define PACKAGE_TARNAME "lxdm"
| #define PACKAGE_VERSION "0.5.0"
| #define PACKAGE_STRING "lxdm 0.5.0"
| #define PACKAGE_BUGREPORT "http://lxde.org/"
| #define PACKAGE_URL ""
| #define PACKAGE "lxdm"
| #define VERSION "0.5.0"
| #define HAVE_LIBCRYPT 1
| #define USE_PAM 1
| #define STDC_HEADERS 1
| #define HAVE_SYS_TYPES_H 1
| #define HAVE_SYS_STAT_H 1
| #define HAVE_STDLIB_H 1
| #define HAVE_STRING_H 1
| #define HAVE_MEMORY_H 1
| #define HAVE_STRINGS_H 1
| #define HAVE_INTTYPES_H 1
| #define HAVE_STDINT_H 1
| #define HAVE_UNISTD_H 1
| #define HAVE_SHADOW_H 1
| #define HAVE_STDLIB_H 1
| #define HAVE_STRING_H 1
| #define HAVE_UNISTD_H 1
| #define HAVE_UTMPX_H 1
| /* end confdefs.h.  */
| #include <stdio.h>
| #ifdef HAVE_SYS_TYPES_H
| # include <sys/types.h>
| #endif
| #ifdef HAVE_SYS_STAT_H
| # include <sys/stat.h>
| #endif
| #ifdef STDC_HEADERS
| # include <stdlib.h>
| # include <stddef.h>
| #else
| # ifdef HAVE_STDLIB_H
| #  include <stdlib.h>
| # endif
| #endif
| #ifdef HAVE_STRING_H
| # if !defined STDC_HEADERS && defined HAVE_MEMORY_H
| #  include <memory.h>
| # endif
| # include <string.h>
| #endif
| #ifdef HAVE_STRINGS_H
| # include <strings.h>
| #endif
| #ifdef HAVE_INTTYPES_H
| # include <inttypes.h>
| #endif
| #ifdef HAVE_STDINT_H
| # include <stdint.h>
| #endif
| #ifdef HAVE_UNISTD_H
| # include <unistd.h>
| #endif
| #include <vfork.h>
configure:4759: result: no
configure:4759: checking vfork.h presence
configure:4759: gcc -E  conftest.c
conftest.c:28:19: fatal error: vfork.h: No such file or directory
compilation terminated.
configure:4759: $? = 1
configure: failed program was:
| /* confdefs.h */
| #define PACKAGE_NAME "lxdm"
| #define PACKAGE_TARNAME "lxdm"
| #define PACKAGE_VERSION "0.5.0"
| #define PACKAGE_STRING "lxdm 0.5.0"
| #define PACKAGE_BUGREPORT "http://lxde.org/"
| #define PACKAGE_URL ""
| #define PACKAGE "lxdm"
| #define VERSION "0.5.0"
| #define HAVE_LIBCRYPT 1
| #define USE_PAM 1
| #define STDC_HEADERS 1
| #define HAVE_SYS_TYPES_H 1
| #define HAVE_SYS_STAT_H 1
| #define HAVE_STDLIB_H 1
| #define HAVE_STRING_H 1
| #define HAVE_MEMORY_H 1
| #define HAVE_STRINGS_H 1
| #define HAVE_INTTYPES_H 1
| #define HAVE_STDINT_H 1
| #define HAVE_UNISTD_H 1
| #define HAVE_SHADOW_H 1
| #define HAVE_STDLIB_H 1
| #define HAVE_STRING_H 1
| #define HAVE_UNISTD_H 1
| #define HAVE_UTMPX_H 1
| /* end confdefs.h.  */
| #include <vfork.h>
configure:4759: result: no
configure:4759: checking for vfork.h
configure:4759: result: no
configure:4772: checking for fork
configure:4772: gcc -o conftest -g -O2  -Wl,-z,defs -Wl,--as-needed conftest.c -lpam -lcrypt  >&5
conftest.c:51:6: warning: conflicting types for built-in function 'fork' [enabled by default]
configure:4772: $? = 0
configure:4772: result: yes
configure:4772: checking for vfork
configure:4772: gcc -o conftest -g -O2  -Wl,-z,defs -Wl,--as-needed conftest.c -lpam -lcrypt  >&5
configure:4772: $? = 0
configure:4772: result: yes
configure:4782: checking for working fork
configure:4804: gcc -o conftest -g -O2  -Wl,-z,defs -Wl,--as-needed conftest.c -lpam -lcrypt  >&5
configure:4804: $? = 0
configure:4804: ./conftest
configure:4804: $? = 0
configure:4814: result: yes
configure:4835: checking for working vfork
configure:4945: result: yes
configure:4973: checking for atexit
configure:4973: gcc -o conftest -g -O2  -Wl,-z,defs -Wl,--as-needed conftest.c -lpam -lcrypt  >&5
configure:4973: $? = 0
configure:4973: result: yes
configure:4973: checking for endpwent
configure:4973: gcc -o conftest -g -O2  -Wl,-z,defs -Wl,--as-needed conftest.c -lpam -lcrypt  >&5
configure:4973: $? = 0
configure:4973: result: yes
configure:4973: checking for getspnam
configure:4973: gcc -o conftest -g -O2  -Wl,-z,defs -Wl,--as-needed conftest.c -lpam -lcrypt  >&5
configure:4973: $? = 0
configure:4973: result: yes
configure:4973: checking for getusershell
configure:4973: gcc -o conftest -g -O2  -Wl,-z,defs -Wl,--as-needed conftest.c -lpam -lcrypt  >&5
configure:4973: $? = 0
configure:4973: result: yes
configure:4973: checking for memset
configure:4973: gcc -o conftest -g -O2  -Wl,-z,defs -Wl,--as-needed conftest.c -lpam -lcrypt  >&5
conftest.c:59:6: warning: conflicting types for built-in function 'memset' [enabled by default]
configure:4973: $? = 0
configure:4973: result: yes
configure:4973: checking for putenv
configure:4973: gcc -o conftest -g -O2  -Wl,-z,defs -Wl,--as-needed conftest.c -lpam -lcrypt  >&5
configure:4973: $? = 0
configure:4973: result: yes
configure:4973: checking for strstr
configure:4973: gcc -o conftest -g -O2  -Wl,-z,defs -Wl,--as-needed conftest.c -lpam -lcrypt  >&5
conftest.c:61:6: warning: conflicting types for built-in function 'strstr' [enabled by default]
configure:4973: $? = 0
configure:4973: result: yes
configure:4985: checking whether iso-codes has iso-639 domain
configure:4988: result: yes
configure:5002: checking whether NLS is requested
configure:5011: result: yes
configure:5029: checking for intltool >= 0.40.0
configure:5031: result: 0.50.2 found
configure:5039: checking for intltool-update
configure:5057: found /usr/bin/intltool-update
configure:5069: result: /usr/bin/intltool-update
configure:5079: checking for intltool-merge
configure:5097: found /usr/bin/intltool-merge
configure:5109: result: /usr/bin/intltool-merge
configure:5119: checking for intltool-extract
configure:5137: found /usr/bin/intltool-extract
configure:5149: result: /usr/bin/intltool-extract
configure:5303: checking for xgettext
configure:5321: found /usr/bin/xgettext
configure:5333: result: /usr/bin/xgettext
configure:5343: checking for msgmerge
configure:5361: found /usr/bin/msgmerge
configure:5373: result: /usr/bin/msgmerge
configure:5383: checking for msgfmt
configure:5401: found /usr/bin/msgfmt
configure:5413: result: /usr/bin/msgfmt
configure:5423: checking for gmsgfmt
configure:5454: result: /usr/bin/msgfmt
configure:5474: checking for perl
configure:5492: found /usr/bin/perl
configure:5504: result: /usr/bin/perl
configure:5515: checking for perl >= 5.8.1
configure:5522: result: 5.14.2
configure:5526: checking for XML::Parser
configure:5529: result: ok
configure:5554: gcc -o conftest -g -O2  -Wl,-z,defs -Wl,--as-needed conftest.c -lpam -lcrypt  >&5
configure:5554: $? = 0
configure:5635: checking for pkg-config
configure:5653: found /usr/bin/pkg-config
configure:5665: result: /usr/bin/pkg-config
configure:5690: checking pkg-config is at least version 0.9.0
configure:5693: result: yes
configure:5703: checking for XLIB
configure:5710: $PKG_CONFIG --exists --print-errors "x11"
configure:5713: $? = 0
configure:5727: $PKG_CONFIG --exists --print-errors "x11"
configure:5730: $? = 0
configure:5788: result: yes
configure:5797: checking for GLIB
configure:5804: $PKG_CONFIG --exists --print-errors "glib-2.0"
configure:5807: $? = 0
configure:5821: $PKG_CONFIG --exists --print-errors "glib-2.0"
configure:5824: $? = 0
configure:5882: result: yes
configure:5906: checking for GDK
configure:5913: $PKG_CONFIG --exists --print-errors "$pkg_modules"
configure:5916: $? = 0
configure:5930: $PKG_CONFIG --exists --print-errors "$pkg_modules"
configure:5933: $? = 0
configure:5991: result: yes
configure:6006: checking for GTK
configure:6013: $PKG_CONFIG --exists --print-errors "$pkg_modules"
configure:6016: $? = 0
configure:6030: $PKG_CONFIG --exists --print-errors "$pkg_modules"
configure:6033: $? = 0
configure:6091: result: yes
configure:6111: checking for CONSOLEKIT
configure:6118: $PKG_CONFIG --exists --print-errors ""ck-connector""
configure:6121: $? = 0
configure:6135: $PKG_CONFIG --exists --print-errors ""ck-connector""
configure:6138: $? = 0
configure:6180: result: yes
configure:6186: checking for ck_connector_open_session in -lck-connector
configure:6211: gcc -o conftest -g -O2  -Wl,-z,defs -Wl,--as-needed conftest.c -lck-connector  -lpam -lcrypt  >&5
configure:6211: $? = 0
configure:6220: result: yes
configure:6471: checking for XCONN
configure:6478: $PKG_CONFIG --exists --print-errors ""xcb""
configure:6481: $? = 0
configure:6495: $PKG_CONFIG --exists --print-errors ""xcb""
configure:6498: $? = 0
configure:6556: result: yes
configure:6710: checking that generated files are newer than configure
configure:6716: result: done
configure:6751: creating ./config.status

## ---------------------- ##
## Running config.status. ##
## ---------------------- ##

This file was extended by lxdm config.status 0.5.0, which was
generated by GNU Autoconf 2.69.  Invocation command line was

  CONFIG_FILES    = 
  CONFIG_HEADERS  = 
  CONFIG_LINKS    = 
  CONFIG_COMMANDS = 
  $ ./config.status 

on debian-sempron

config.status:969: creating Makefile
config.status:969: creating lxdm.spec
config.status:969: creating src/Makefile
config.status:969: creating po/Makefile.in
config.status:969: creating pam/Makefile
config.status:969: creating systemd/Makefile
config.status:969: creating data/Makefile
config.status:969: creating data/PostLogin
config.status:969: creating data/PostLogout
config.status:969: creating data/PreLogin
config.status:969: creating data/PreReboot
config.status:969: creating data/PreShutdown
config.status:969: creating data/LoginReady
config.status:969: creating data/lxdm
config.status:969: creating config.h
config.status:1198: executing depfiles commands
config.status:1198: executing po/stamp-it commands
configure:8098: WARNING: unrecognized options: --disable-maintainer-mode

## ---------------- ##
## Cache variables. ##
## ---------------- ##

ac_cv_c_compiler_gnu=yes
ac_cv_env_CC_set=
ac_cv_env_CC_value=
ac_cv_env_CFLAGS_set=
ac_cv_env_CFLAGS_value=
ac_cv_env_CONSOLEKIT_CFLAGS_set=
ac_cv_env_CONSOLEKIT_CFLAGS_value=
ac_cv_env_CONSOLEKIT_LIBS_set=
ac_cv_env_CONSOLEKIT_LIBS_value=
ac_cv_env_CPPFLAGS_set=
ac_cv_env_CPPFLAGS_value=
ac_cv_env_CPP_set=
ac_cv_env_CPP_value=
ac_cv_env_GDK_CFLAGS_set=
ac_cv_env_GDK_CFLAGS_value=
ac_cv_env_GDK_LIBS_set=
ac_cv_env_GDK_LIBS_value=
ac_cv_env_GLIB_CFLAGS_set=
ac_cv_env_GLIB_CFLAGS_value=
ac_cv_env_GLIB_LIBS_set=
ac_cv_env_GLIB_LIBS_value=
ac_cv_env_GTK_CFLAGS_set=
ac_cv_env_GTK_CFLAGS_value=
ac_cv_env_GTK_LIBS_set=
ac_cv_env_GTK_LIBS_value=
ac_cv_env_LDFLAGS_set=set
ac_cv_env_LDFLAGS_value='-Wl,-z,defs -Wl,--as-needed'
ac_cv_env_LIBS_set=
ac_cv_env_LIBS_value=
ac_cv_env_PKG_CONFIG_LIBDIR_set=
ac_cv_env_PKG_CONFIG_LIBDIR_value=
ac_cv_env_PKG_CONFIG_PATH_set=
ac_cv_env_PKG_CONFIG_PATH_value=
ac_cv_env_PKG_CONFIG_set=
ac_cv_env_PKG_CONFIG_value=
ac_cv_env_XCONN_CFLAGS_set=
ac_cv_env_XCONN_CFLAGS_value=
ac_cv_env_XCONN_LIBS_set=
ac_cv_env_XCONN_LIBS_value=
ac_cv_env_XLIB_CFLAGS_set=
ac_cv_env_XLIB_CFLAGS_value=
ac_cv_env_XLIB_LIBS_set=
ac_cv_env_XLIB_LIBS_value=
ac_cv_env_XMKMF_set=
ac_cv_env_XMKMF_value=
ac_cv_env_build_alias_set=set
ac_cv_env_build_alias_value=i486-linux-gnu
ac_cv_env_host_alias_set=
ac_cv_env_host_alias_value=
ac_cv_env_target_alias_set=
ac_cv_env_target_alias_value=
ac_cv_func_atexit=yes
ac_cv_func_endpwent=yes
ac_cv_func_fork=yes
ac_cv_func_fork_works=yes
ac_cv_func_getspnam=yes
ac_cv_func_getusershell=yes
ac_cv_func_memset=yes
ac_cv_func_pam_open_session=yes
ac_cv_func_putenv=yes
ac_cv_func_strstr=yes
ac_cv_func_vfork=yes
ac_cv_func_vfork_works=yes
ac_cv_have_x='have_x=yes	ac_x_includes='\'''\''	ac_x_libraries='\'''\'''
ac_cv_header_inttypes_h=yes
ac_cv_header_memory_h=yes
ac_cv_header_shadow_h=yes
ac_cv_header_stdc=yes
ac_cv_header_stdint_h=yes
ac_cv_header_stdlib_h=yes
ac_cv_header_string_h=yes
ac_cv_header_strings_h=yes
ac_cv_header_sys_stat_h=yes
ac_cv_header_sys_types_h=yes
ac_cv_header_unistd_h=yes
ac_cv_header_utmpx_h=yes
ac_cv_header_vfork_h=no
ac_cv_lib_ck_connector_ck_connector_open_session=yes
ac_cv_lib_crypt_crypt=yes
ac_cv_objext=o
ac_cv_path_EGREP='/bin/grep -E'
ac_cv_path_GMSGFMT=/usr/bin/msgfmt
ac_cv_path_GREP=/bin/grep
ac_cv_path_INTLTOOL_EXTRACT=/usr/bin/intltool-extract
ac_cv_path_INTLTOOL_MERGE=/usr/bin/intltool-merge
ac_cv_path_INTLTOOL_PERL=/usr/bin/perl
ac_cv_path_INTLTOOL_UPDATE=/usr/bin/intltool-update
ac_cv_path_MSGFMT=/usr/bin/msgfmt
ac_cv_path_MSGMERGE=/usr/bin/msgmerge
ac_cv_path_XGETTEXT=/usr/bin/xgettext
ac_cv_path_ac_pt_PKG_CONFIG=/usr/bin/pkg-config
ac_cv_path_install='/usr/bin/install -c'
ac_cv_path_mkdir=/bin/mkdir
ac_cv_prog_AWK=mawk
ac_cv_prog_CPP='gcc -E'
ac_cv_prog_ac_ct_CC=gcc
ac_cv_prog_cc_c89=
ac_cv_prog_cc_g=yes
ac_cv_prog_cc_gcc_c_o=yes
ac_cv_prog_make_make_set=yes
ac_cv_search_pam_open_session=-lpam
ac_cv_type_pid_t=yes
am_cv_CC_dependencies_compiler_type=none
am_cv_make_support_nested_variables=yes
pkg_cv_CONSOLEKIT_CFLAGS='-I/usr/include/ConsoleKit/ck-connector -I/usr/include/dbus-1.0 -I/usr/lib/i386-linux-gnu/dbus-1.0/include  '
pkg_cv_CONSOLEKIT_LIBS='-lck-connector -ldbus-1  '
pkg_cv_GDK_CFLAGS='-pthread -I/usr/include/gtk-2.0 -I/usr/lib/i386-linux-gnu/gtk-2.0/include -I/usr/include/gio-unix-2.0/ -I/usr/include/cairo -I/usr/include/pango-1.0 -I/usr/include/gdk-pixbuf-2.0 -I/usr/include/glib-2.0 -I/usr/lib/i386-linux-gnu/glib-2.0/include -I/usr/include/pixman-1 -I/usr/include/freetype2 -I/usr/include/libpng12  '
pkg_cv_GDK_LIBS='-lgdk-x11-2.0 -lpangocairo-1.0 -lgdk_pixbuf-2.0 -lpango-1.0 -lcairo -lgobject-2.0 -lglib-2.0  '
pkg_cv_GLIB_CFLAGS='-I/usr/include/glib-2.0 -I/usr/lib/i386-linux-gnu/glib-2.0/include  '
pkg_cv_GLIB_LIBS='-lglib-2.0  '
pkg_cv_GTK_CFLAGS='-pthread -I/usr/include/gtk-2.0 -I/usr/lib/i386-linux-gnu/gtk-2.0/include -I/usr/include/atk-1.0 -I/usr/include/cairo -I/usr/include/gdk-pixbuf-2.0 -I/usr/include/pango-1.0 -I/usr/include/gio-unix-2.0/ -I/usr/include/glib-2.0 -I/usr/lib/i386-linux-gnu/glib-2.0/include -I/usr/include/pixman-1 -I/usr/include/freetype2 -I/usr/include/libpng12  '
pkg_cv_GTK_LIBS='-lgtk-x11-2.0 -lgdk-x11-2.0 -latk-1.0 -lgio-2.0 -lpangoft2-1.0 -lpangocairo-1.0 -lgdk_pixbuf-2.0 -lcairo -lpango-1.0 -lfreetype -lfontconfig -lgobject-2.0 -lglib-2.0  '
pkg_cv_XCONN_CFLAGS=' '
pkg_cv_XCONN_LIBS='-lxcb  '
pkg_cv_XLIB_CFLAGS=' '
pkg_cv_XLIB_LIBS='-lX11  '

## ----------------- ##
## Output variables. ##
## ----------------- ##

ACLOCAL='aclocal-1.13'
ALL_LINGUAS=''
AMDEPBACKSLASH=''
AMDEP_FALSE=''
AMDEP_TRUE='#'
AMTAR='$${TAR-tar}'
AM_BACKSLASH='\'
AM_DEFAULT_V='$(AM_DEFAULT_VERBOSITY)'
AM_DEFAULT_VERBOSITY='1'
AM_V='$(V)'
AUTOCONF='autoconf'
AUTOHEADER='autoheader'
AUTOMAKE='automake-1.13'
AWK='mawk'
CC='gcc'
CCDEPMODE='depmode=none'
CFLAGS='-g -O2 -DLXDM_XCONN_XCB'
CONSOLEKIT_CFLAGS='-I/usr/include/ConsoleKit/ck-connector -I/usr/include/dbus-1.0 -I/usr/lib/i386-linux-gnu/dbus-1.0/include  '
CONSOLEKIT_LIBS='-lck-connector -ldbus-1  '
CPP='gcc -E'
CPPFLAGS=''
CYGPATH_W='echo'
DATADIRNAME='share'
DEFS='-DHAVE_CONFIG_H'
DEPDIR='.deps'
ECHO_C=''
ECHO_N='-n'
ECHO_T=''
EGREP='/bin/grep -E'
EXEEXT=''
GDK_CFLAGS='-pthread -I/usr/include/gtk-2.0 -I/usr/lib/i386-linux-gnu/gtk-2.0/include -I/usr/include/gio-unix-2.0/ -I/usr/include/cairo -I/usr/include/pango-1.0 -I/usr/include/gdk-pixbuf-2.0 -I/usr/include/glib-2.0 -I/usr/lib/i386-linux-gnu/glib-2.0/include -I/usr/include/pixman-1 -I/usr/include/freetype2 -I/usr/include/libpng12  '
GDK_LIBS='-lgdk-x11-2.0 -lpangocairo-1.0 -lgdk_pixbuf-2.0 -lpango-1.0 -lcairo -lgobject-2.0 -lglib-2.0  '
GETTEXT_PACKAGE='lxdm'
GLIB_CFLAGS='-I/usr/include/glib-2.0 -I/usr/lib/i386-linux-gnu/glib-2.0/include  '
GLIB_LIBS='-lglib-2.0  '
GMSGFMT='/usr/bin/msgfmt'
GREP='/bin/grep'
GTK_CFLAGS='-pthread -I/usr/include/gtk-2.0 -I/usr/lib/i386-linux-gnu/gtk-2.0/include -I/usr/include/atk-1.0 -I/usr/include/cairo -I/usr/include/gdk-pixbuf-2.0 -I/usr/include/pango-1.0 -I/usr/include/gio-unix-2.0/ -I/usr/include/glib-2.0 -I/usr/lib/i386-linux-gnu/glib-2.0/include -I/usr/include/pixman-1 -I/usr/include/freetype2 -I/usr/include/libpng12  '
GTK_LIBS='-lgtk-x11-2.0 -lgdk-x11-2.0 -latk-1.0 -lgio-2.0 -lpangoft2-1.0 -lpangocairo-1.0 -lgdk_pixbuf-2.0 -lcairo -lpango-1.0 -lfreetype -lfontconfig -lgobject-2.0 -lglib-2.0  '
HAVE_PAM_FALSE='#'
HAVE_PAM_TRUE=''
HAVE_SYSTEMD_FALSE=''
HAVE_SYSTEMD_TRUE='#'
INSTALL_DATA='${INSTALL} -m 644'
INSTALL_PROGRAM='${INSTALL}'
INSTALL_SCRIPT='${INSTALL}'
INSTALL_STRIP_PROGRAM='$(install_sh) -c -s'
INTLTOOL_CAVES_RULE='%.caves:     %.caves.in     $(INTLTOOL_MERGE) $(wildcard $(top_srcdir)/po/*.po) ; $(INTLTOOL_V_MERGE)LC_ALL=C $(INTLTOOL_MERGE) $(INTLTOOL_V_MERGE_OPTIONS) -d -u -c $(top_builddir)/po/.intltool-merge-cache $(top_srcdir)/po $< $@'
INTLTOOL_DESKTOP_RULE='%.desktop:   %.desktop.in   $(INTLTOOL_MERGE) $(wildcard $(top_srcdir)/po/*.po) ; $(INTLTOOL_V_MERGE)LC_ALL=C $(INTLTOOL_MERGE) $(INTLTOOL_V_MERGE_OPTIONS) -d -u -c $(top_builddir)/po/.intltool-merge-cache $(top_srcdir)/po $< $@'
INTLTOOL_DIRECTORY_RULE='%.directory: %.directory.in $(INTLTOOL_MERGE) $(wildcard $(top_srcdir)/po/*.po) ; $(INTLTOOL_V_MERGE)LC_ALL=C $(INTLTOOL_MERGE) $(INTLTOOL_V_MERGE_OPTIONS) -d -u -c $(top_builddir)/po/.intltool-merge-cache $(top_srcdir)/po $< $@'
INTLTOOL_EXTRACT='/usr/bin/intltool-extract'
INTLTOOL_KBD_RULE='%.kbd:       %.kbd.in       $(INTLTOOL_MERGE) $(wildcard $(top_srcdir)/po/*.po) ; $(INTLTOOL_V_MERGE)LC_ALL=C $(INTLTOOL_MERGE) $(INTLTOOL_V_MERGE_OPTIONS) -x -u -m -c $(top_builddir)/po/.intltool-merge-cache $(top_srcdir)/po $< $@'
INTLTOOL_KEYS_RULE='%.keys:      %.keys.in      $(INTLTOOL_MERGE) $(wildcard $(top_srcdir)/po/*.po) ; $(INTLTOOL_V_MERGE)LC_ALL=C $(INTLTOOL_MERGE) $(INTLTOOL_V_MERGE_OPTIONS) -k -u -c $(top_builddir)/po/.intltool-merge-cache $(top_srcdir)/po $< $@'
INTLTOOL_MERGE='/usr/bin/intltool-merge'
INTLTOOL_OAF_RULE='%.oaf:       %.oaf.in       $(INTLTOOL_MERGE) $(wildcard $(top_srcdir)/po/*.po) ; $(INTLTOOL_V_MERGE)LC_ALL=C $(INTLTOOL_MERGE) $(INTLTOOL_V_MERGE_OPTIONS) -o -p $(top_srcdir)/po $< $@'
INTLTOOL_PERL='/usr/bin/perl'
INTLTOOL_POLICY_RULE='%.policy:    %.policy.in    $(INTLTOOL_MERGE) $(wildcard $(top_srcdir)/po/*.po) ; $(INTLTOOL_V_MERGE)LC_ALL=C $(INTLTOOL_MERGE) $(INTLTOOL_V_MERGE_OPTIONS) -x -u -c $(top_builddir)/po/.intltool-merge-cache $(top_srcdir)/po $< $@'
INTLTOOL_PONG_RULE='%.pong:      %.pong.in      $(INTLTOOL_MERGE) $(wildcard $(top_srcdir)/po/*.po) ; $(INTLTOOL_V_MERGE)LC_ALL=C $(INTLTOOL_MERGE) $(INTLTOOL_V_MERGE_OPTIONS) -x -u -c $(top_builddir)/po/.intltool-merge-cache $(top_srcdir)/po $< $@'
INTLTOOL_PROP_RULE='%.prop:      %.prop.in      $(INTLTOOL_MERGE) $(wildcard $(top_srcdir)/po/*.po) ; $(INTLTOOL_V_MERGE)LC_ALL=C $(INTLTOOL_MERGE) $(INTLTOOL_V_MERGE_OPTIONS) -d -u -c $(top_builddir)/po/.intltool-merge-cache $(top_srcdir)/po $< $@'
INTLTOOL_SCHEMAS_RULE='%.schemas:   %.schemas.in   $(INTLTOOL_MERGE) $(wildcard $(top_srcdir)/po/*.po) ; $(INTLTOOL_V_MERGE)LC_ALL=C $(INTLTOOL_MERGE) $(INTLTOOL_V_MERGE_OPTIONS) -s -u -c $(top_builddir)/po/.intltool-merge-cache $(top_srcdir)/po $< $@'
INTLTOOL_SERVER_RULE='%.server:    %.server.in    $(INTLTOOL_MERGE) $(wildcard $(top_srcdir)/po/*.po) ; $(INTLTOOL_V_MERGE)LC_ALL=C $(INTLTOOL_MERGE) $(INTLTOOL_V_MERGE_OPTIONS) -o -u -c $(top_builddir)/po/.intltool-merge-cache $(top_srcdir)/po $< $@'
INTLTOOL_SERVICE_RULE='%.service: %.service.in   $(INTLTOOL_MERGE) $(wildcard $(top_srcdir)/po/*.po) ; $(INTLTOOL_V_MERGE)LC_ALL=C $(INTLTOOL_MERGE) $(INTLTOOL_V_MERGE_OPTIONS) -d -u -c $(top_builddir)/po/.intltool-merge-cache $(top_srcdir)/po $< $@'
INTLTOOL_SHEET_RULE='%.sheet:     %.sheet.in     $(INTLTOOL_MERGE) $(wildcard $(top_srcdir)/po/*.po) ; $(INTLTOOL_V_MERGE)LC_ALL=C $(INTLTOOL_MERGE) $(INTLTOOL_V_MERGE_OPTIONS) -x -u -c $(top_builddir)/po/.intltool-merge-cache $(top_srcdir)/po $< $@'
INTLTOOL_SOUNDLIST_RULE='%.soundlist: %.soundlist.in $(INTLTOOL_MERGE) $(wildcard $(top_srcdir)/po/*.po) ; $(INTLTOOL_V_MERGE)LC_ALL=C $(INTLTOOL_MERGE) $(INTLTOOL_V_MERGE_OPTIONS) -d -u -c $(top_builddir)/po/.intltool-merge-cache $(top_srcdir)/po $< $@'
INTLTOOL_THEME_RULE='%.theme:     %.theme.in     $(INTLTOOL_MERGE) $(wildcard $(top_srcdir)/po/*.po) ; $(INTLTOOL_V_MERGE)LC_ALL=C $(INTLTOOL_MERGE) $(INTLTOOL_V_MERGE_OPTIONS) -d -u -c $(top_builddir)/po/.intltool-merge-cache $(top_srcdir)/po $< $@'
INTLTOOL_UI_RULE='%.ui:        %.ui.in        $(INTLTOOL_MERGE) $(wildcard $(top_srcdir)/po/*.po) ; $(INTLTOOL_V_MERGE)LC_ALL=C $(INTLTOOL_MERGE) $(INTLTOOL_V_MERGE_OPTIONS) -x -u -c $(top_builddir)/po/.intltool-merge-cache $(top_srcdir)/po $< $@'
INTLTOOL_UPDATE='/usr/bin/intltool-update'
INTLTOOL_V_MERGE='$(INTLTOOL__v_MERGE_$(V))'
INTLTOOL_V_MERGE_OPTIONS='$(intltool__v_merge_options_$(V))'
INTLTOOL_XAM_RULE='%.xam:       %.xml.in       $(INTLTOOL_MERGE) $(wildcard $(top_srcdir)/po/*.po) ; $(INTLTOOL_V_MERGE)LC_ALL=C $(INTLTOOL_MERGE) $(INTLTOOL_V_MERGE_OPTIONS) -x -u -c $(top_builddir)/po/.intltool-merge-cache $(top_srcdir)/po $< $@'
INTLTOOL_XML_NOMERGE_RULE='%.xml:       %.xml.in       $(INTLTOOL_MERGE) ; $(INTLTOOL_V_MERGE)LC_ALL=C $(INTLTOOL_MERGE) $(INTLTOOL_V_MERGE_OPTIONS) -x -u --no-translations $< $@'
INTLTOOL_XML_RULE='%.xml:       %.xml.in       $(INTLTOOL_MERGE) $(wildcard $(top_srcdir)/po/*.po) ; $(INTLTOOL_V_MERGE)LC_ALL=C $(INTLTOOL_MERGE) $(INTLTOOL_V_MERGE_OPTIONS) -x -u -c $(top_builddir)/po/.intltool-merge-cache $(top_srcdir)/po $< $@'
INTLTOOL__v_MERGE_0='@echo "  ITMRG " $@;'
INTLTOOL__v_MERGE_='$(INTLTOOL__v_MERGE_$(AM_DEFAULT_VERBOSITY))'
LDFLAGS='-Wl,-z,defs -Wl,--as-needed'
LIBOBJS=''
LIBS='-lck-connector -lpam -lcrypt '
LTLIBOBJS=''
MAKEINFO='makeinfo'
MKDIR_P='/bin/mkdir -p'
MSGFMT='/usr/bin/msgfmt'
MSGMERGE='/usr/bin/msgmerge'
OBJEXT='o'
PACKAGE='lxdm'
PACKAGE_BUGREPORT='http://lxde.org/'
PACKAGE_NAME='lxdm'
PACKAGE_STRING='lxdm 0.5.0'
PACKAGE_TARNAME='lxdm'
PACKAGE_URL=''
PACKAGE_VERSION='0.5.0'
PATH_SEPARATOR=':'
PKG_CONFIG='/usr/bin/pkg-config'
PKG_CONFIG_LIBDIR=''
PKG_CONFIG_PATH=''
SET_MAKE=''
SHELL='/bin/bash'
STRIP=''
USE_NLS='yes'
VERSION='0.5.0'
XCONN_CFLAGS=' '
XCONN_LIBS='-lxcb  '
XGETTEXT='/usr/bin/xgettext'
XLIB_CFLAGS=' '
XLIB_LIBS='-lX11  '
XMKMF=''
ac_ct_CC='gcc'
am__EXEEXT_FALSE=''
am__EXEEXT_TRUE='#'
am__fastdepCC_FALSE=''
am__fastdepCC_TRUE='#'
am__include='include'
am__isrc=''
am__leading_dot='.'
am__nodep=''
am__quote=''
am__tar='$${TAR-tar} chof - "$$tardir"'
am__untar='$${TAR-tar} xf -'
bindir='${exec_prefix}/bin'
build_alias='i486-linux-gnu'
datadir='${datarootdir}'
datarootdir='${prefix}/share'
docdir='${datarootdir}/doc/${PACKAGE_TARNAME}'
dvidir='${docdir}'
exec_prefix='${prefix}'
host_alias=''
htmldir='${docdir}'
includedir='${prefix}/include'
infodir='${prefix}/share/info'
install_sh='${SHELL} /home/carlo/Documenti/paperino2/lxdm-0.5.0/install-sh'
intltool__v_merge_options_0='-q'
intltool__v_merge_options_='$(intltool__v_merge_options_$(AM_DEFAULT_VERBOSITY))'
libdir='${exec_prefix}/lib'
libexecdir='/usr/lib/lxdm'
localedir='${datarootdir}/locale'
localstatedir='/var'
mandir='${prefix}/share/man'
mkdir_p='$(MKDIR_P)'
oldincludedir='/usr/include'
pdfdir='${docdir}'
prefix='/usr'
program_transform_name='s,x,x,'
psdir='${docdir}'
sbindir='${exec_prefix}/sbin'
sharedstatedir='${prefix}/com'
sysconfdir='/etc'
systemdsystemunitdir=''
target_alias=''

## ----------- ##
## confdefs.h. ##
## ----------- ##

/* confdefs.h */
#define PACKAGE_NAME "lxdm"
#define PACKAGE_TARNAME "lxdm"
#define PACKAGE_VERSION "0.5.0"
#define PACKAGE_STRING "lxdm 0.5.0"
#define PACKAGE_BUGREPORT "http://lxde.org/"
#define PACKAGE_URL ""
#define PACKAGE "lxdm"
#define VERSION "0.5.0"
#define HAVE_LIBCRYPT 1
#define USE_PAM 1
#define STDC_HEADERS 1
#define HAVE_SYS_TYPES_H 1
#define HAVE_SYS_STAT_H 1
#define HAVE_STDLIB_H 1
#define HAVE_STRING_H 1
#define HAVE_MEMORY_H 1
#define HAVE_STRINGS_H 1
#define HAVE_INTTYPES_H 1
#define HAVE_STDINT_H 1
#define HAVE_UNISTD_H 1
#define HAVE_SHADOW_H 1
#define HAVE_STDLIB_H 1
#define HAVE_STRING_H 1
#define HAVE_UNISTD_H 1
#define HAVE_UTMPX_H 1
#define HAVE_FORK 1
#define HAVE_VFORK 1
#define HAVE_WORKING_VFORK 1
#define HAVE_WORKING_FORK 1
#define HAVE_ATEXIT 1
#define HAVE_ENDPWENT 1
#define HAVE_GETSPNAM 1
#define HAVE_GETUSERSHELL 1
#define HAVE_MEMSET 1
#define HAVE_PUTENV 1
#define HAVE_STRSTR 1
#define ISO_CODES_PREFIX "/usr"
#define HAVE_LIBCK_CONNECTOR 1
#define GETTEXT_PACKAGE "lxdm"

configure: exit 0
